[2024-10-06 10:40:32] local.ERROR: SQLSTATE[HY000] [2002] Connection refused (Connection: mysql, SQL: select `value`, `key` from `settings`) {"exception":"[object] (Illuminate\\Database\\QueryException(code: 2002): SQLSTATE[HY000] [2002] Connection refused (Connection: mysql, SQL: select `value`, `key` from `settings`) at /home/abdo_arh36/larvestatesystem/vendor/laravel/framework/src/Illuminate/Database/Connection.php:829)
[stacktrace]
#0 /home/abdo_arh36/larvestatesystem/vendor/laravel/framework/src/Illuminate/Database/Connection.php(983): Illuminate\\Database\\Connection->runQueryCallback()
#1 /home/abdo_arh36/larvestatesystem/vendor/laravel/framework/src/Illuminate/Database/Connection.php(962): Illuminate\\Database\\Connection->tryAgainIfCausedByLostConnection()
#2 /home/abdo_arh36/larvestatesystem/vendor/laravel/framework/src/Illuminate/Database/Connection.php(785): Illuminate\\Database\\Connection->handleQueryException()
#3 /home/abdo_arh36/larvestatesystem/vendor/laravel/framework/src/Illuminate/Database/Connection.php(414): Illuminate\\Database\\Connection->run()
#4 /home/abdo_arh36/larvestatesystem/vendor/laravel/framework/src/Illuminate/Database/Query/Builder.php(2913): Illuminate\\Database\\Connection->select()
#5 /home/abdo_arh36/larvestatesystem/vendor/laravel/framework/src/Illuminate/Database/Query/Builder.php(3142): Illuminate\\Database\\Query\\Builder->runSelect()
#6 /home/abdo_arh36/larvestatesystem/vendor/laravel/framework/src/Illuminate/Database/Query/Builder.php(3456): Illuminate\\Database\\Query\\Builder->Illuminate\\Database\\Query\\{closure}()
#7 /home/abdo_arh36/larvestatesystem/vendor/laravel/framework/src/Illuminate/Database/Query/Builder.php(3138): Illuminate\\Database\\Query\\Builder->onceWithColumns()
#8 /home/abdo_arh36/larvestatesystem/vendor/laravel/framework/src/Illuminate/Database/Eloquent/Builder.php(889): Illuminate\\Database\\Query\\Builder->pluck()
#9 /home/abdo_arh36/larvestatesystem/vendor/laravel/framework/src/Illuminate/Support/Traits/ForwardsCalls.php(23): Illuminate\\Database\\Eloquent\\Builder->pluck()
#10 /home/abdo_arh36/larvestatesystem/vendor/laravel/framework/src/Illuminate/Database/Eloquent/Model.php(2335): Illuminate\\Database\\Eloquent\\Model->forwardCallTo()
#11 /home/abdo_arh36/larvestatesystem/vendor/laravel/framework/src/Illuminate/Database/Eloquent/Model.php(2347): Illuminate\\Database\\Eloquent\\Model->__call()
#12 /home/abdo_arh36/larvestatesystem/app/Providers/AppServiceProvider.php(24): Illuminate\\Database\\Eloquent\\Model::__callStatic()
#13 /home/abdo_arh36/larvestatesystem/vendor/laravel/framework/src/Illuminate/Container/BoundMethod.php(36): App\\Providers\\AppServiceProvider->boot()
#14 /home/abdo_arh36/larvestatesystem/vendor/laravel/framework/src/Illuminate/Container/Util.php(41): Illuminate\\Container\\BoundMethod::Illuminate\\Container\\{closure}()
#15 /home/abdo_arh36/larvestatesystem/vendor/laravel/framework/src/Illuminate/Container/BoundMethod.php(93): Illuminate\\Container\\Util::unwrapIfClosure()
#16 /home/abdo_arh36/larvestatesystem/vendor/laravel/framework/src/Illuminate/Container/BoundMethod.php(35): Illuminate\\Container\\BoundMethod::callBoundMethod()
#17 /home/abdo_arh36/larvestatesystem/vendor/laravel/framework/src/Illuminate/Container/Container.php(662): Illuminate\\Container\\BoundMethod::call()
#18 /home/abdo_arh36/larvestatesystem/vendor/laravel/framework/src/Illuminate/Foundation/Application.php(1034): Illuminate\\Container\\Container->call()
#19 /home/abdo_arh36/larvestatesystem/vendor/laravel/framework/src/Illuminate/Foundation/Application.php(1015): Illuminate\\Foundation\\Application->bootProvider()
#20 [internal function]: Illuminate\\Foundation\\Application->Illuminate\\Foundation\\{closure}()
#21 /home/abdo_arh36/larvestatesystem/vendor/laravel/framework/src/Illuminate/Foundation/Application.php(1014): array_walk()
#22 /home/abdo_arh36/larvestatesystem/vendor/laravel/framework/src/Illuminate/Foundation/Bootstrap/BootProviders.php(17): Illuminate\\Foundation\\Application->boot()
#23 /home/abdo_arh36/larvestatesystem/vendor/laravel/framework/src/Illuminate/Foundation/Application.php(263): Illuminate\\Foundation\\Bootstrap\\BootProviders->bootstrap()
#24 /home/abdo_arh36/larvestatesystem/vendor/laravel/framework/src/Illuminate/Foundation/Console/Kernel.php(447): Illuminate\\Foundation\\Application->bootstrapWith()
#25 /home/abdo_arh36/larvestatesystem/vendor/laravel/framework/src/Illuminate/Foundation/Console/Kernel.php(199): Illuminate\\Foundation\\Console\\Kernel->bootstrap()
#26 /home/abdo_arh36/larvestatesystem/artisan(35): Illuminate\\Foundation\\Console\\Kernel->handle()
#27 {main}

[previous exception] [object] (PDOException(code: 2002): SQLSTATE[HY000] [2002] Connection refused at /home/abdo_arh36/larvestatesystem/vendor/laravel/framework/src/Illuminate/Database/Connectors/Connector.php:65)
[stacktrace]
#0 /home/abdo_arh36/larvestatesystem/vendor/laravel/framework/src/Illuminate/Database/Connectors/Connector.php(65): PDO->__construct()
#1 /home/abdo_arh36/larvestatesystem/vendor/laravel/framework/src/Illuminate/Database/Connectors/Connector.php(83): Illuminate\\Database\\Connectors\\Connector->createPdoConnection()
#2 /home/abdo_arh36/larvestatesystem/vendor/laravel/framework/src/Illuminate/Database/Connectors/Connector.php(48): Illuminate\\Database\\Connectors\\Connector->tryAgainIfCausedByLostConnection()
#3 /home/abdo_arh36/larvestatesystem/vendor/laravel/framework/src/Illuminate/Database/Connectors/MySqlConnector.php(24): Illuminate\\Database\\Connectors\\Connector->createConnection()
#4 /home/abdo_arh36/larvestatesystem/vendor/laravel/framework/src/Illuminate/Database/Connectors/ConnectionFactory.php(184): Illuminate\\Database\\Connectors\\MySqlConnector->connect()
#5 [internal function]: Illuminate\\Database\\Connectors\\ConnectionFactory->Illuminate\\Database\\Connectors\\{closure}()
#6 /home/abdo_arh36/larvestatesystem/vendor/laravel/framework/src/Illuminate/Database/Connection.php(1339): call_user_func()
#7 /home/abdo_arh36/larvestatesystem/vendor/laravel/framework/src/Illuminate/Database/Connection.php(1375): Illuminate\\Database\\Connection->getPdo()
#8 /home/abdo_arh36/larvestatesystem/vendor/laravel/framework/src/Illuminate/Database/Connection.php(528): Illuminate\\Database\\Connection->getReadPdo()
#9 /home/abdo_arh36/larvestatesystem/vendor/laravel/framework/src/Illuminate/Database/Connection.php(423): Illuminate\\Database\\Connection->getPdoForSelect()
#10 /home/abdo_arh36/larvestatesystem/vendor/laravel/framework/src/Illuminate/Database/Connection.php(816): Illuminate\\Database\\Connection->Illuminate\\Database\\{closure}()
#11 /home/abdo_arh36/larvestatesystem/vendor/laravel/framework/src/Illuminate/Database/Connection.php(983): Illuminate\\Database\\Connection->runQueryCallback()
#12 /home/abdo_arh36/larvestatesystem/vendor/laravel/framework/src/Illuminate/Database/Connection.php(962): Illuminate\\Database\\Connection->tryAgainIfCausedByLostConnection()
#13 /home/abdo_arh36/larvestatesystem/vendor/laravel/framework/src/Illuminate/Database/Connection.php(785): Illuminate\\Database\\Connection->handleQueryException()
#14 /home/abdo_arh36/larvestatesystem/vendor/laravel/framework/src/Illuminate/Database/Connection.php(414): Illuminate\\Database\\Connection->run()
#15 /home/abdo_arh36/larvestatesystem/vendor/laravel/framework/src/Illuminate/Database/Query/Builder.php(2913): Illuminate\\Database\\Connection->select()
#16 /home/abdo_arh36/larvestatesystem/vendor/laravel/framework/src/Illuminate/Database/Query/Builder.php(3142): Illuminate\\Database\\Query\\Builder->runSelect()
#17 /home/abdo_arh36/larvestatesystem/vendor/laravel/framework/src/Illuminate/Database/Query/Builder.php(3456): Illuminate\\Database\\Query\\Builder->Illuminate\\Database\\Query\\{closure}()
#18 /home/abdo_arh36/larvestatesystem/vendor/laravel/framework/src/Illuminate/Database/Query/Builder.php(3138): Illuminate\\Database\\Query\\Builder->onceWithColumns()
#19 /home/abdo_arh36/larvestatesystem/vendor/laravel/framework/src/Illuminate/Database/Eloquent/Builder.php(889): Illuminate\\Database\\Query\\Builder->pluck()
#20 /home/abdo_arh36/larvestatesystem/vendor/laravel/framework/src/Illuminate/Support/Traits/ForwardsCalls.php(23): Illuminate\\Database\\Eloquent\\Builder->pluck()
#21 /home/abdo_arh36/larvestatesystem/vendor/laravel/framework/src/Illuminate/Database/Eloquent/Model.php(2335): Illuminate\\Database\\Eloquent\\Model->forwardCallTo()
#22 /home/abdo_arh36/larvestatesystem/vendor/laravel/framework/src/Illuminate/Database/Eloquent/Model.php(2347): Illuminate\\Database\\Eloquent\\Model->__call()
#23 /home/abdo_arh36/larvestatesystem/app/Providers/AppServiceProvider.php(24): Illuminate\\Database\\Eloquent\\Model::__callStatic()
#24 /home/abdo_arh36/larvestatesystem/vendor/laravel/framework/src/Illuminate/Container/BoundMethod.php(36): App\\Providers\\AppServiceProvider->boot()
#25 /home/abdo_arh36/larvestatesystem/vendor/laravel/framework/src/Illuminate/Container/Util.php(41): Illuminate\\Container\\BoundMethod::Illuminate\\Container\\{closure}()
#26 /home/abdo_arh36/larvestatesystem/vendor/laravel/framework/src/Illuminate/Container/BoundMethod.php(93): Illuminate\\Container\\Util::unwrapIfClosure()
#27 /home/abdo_arh36/larvestatesystem/vendor/laravel/framework/src/Illuminate/Container/BoundMethod.php(35): Illuminate\\Container\\BoundMethod::callBoundMethod()
#28 /home/abdo_arh36/larvestatesystem/vendor/laravel/framework/src/Illuminate/Container/Container.php(662): Illuminate\\Container\\BoundMethod::call()
#29 /home/abdo_arh36/larvestatesystem/vendor/laravel/framework/src/Illuminate/Foundation/Application.php(1034): Illuminate\\Container\\Container->call()
#30 /home/abdo_arh36/larvestatesystem/vendor/laravel/framework/src/Illuminate/Foundation/Application.php(1015): Illuminate\\Foundation\\Application->bootProvider()
#31 [internal function]: Illuminate\\Foundation\\Application->Illuminate\\Foundation\\{closure}()
#32 /home/abdo_arh36/larvestatesystem/vendor/laravel/framework/src/Illuminate/Foundation/Application.php(1014): array_walk()
#33 /home/abdo_arh36/larvestatesystem/vendor/laravel/framework/src/Illuminate/Foundation/Bootstrap/BootProviders.php(17): Illuminate\\Foundation\\Application->boot()
#34 /home/abdo_arh36/larvestatesystem/vendor/laravel/framework/src/Illuminate/Foundation/Application.php(263): Illuminate\\Foundation\\Bootstrap\\BootProviders->bootstrap()
#35 /home/abdo_arh36/larvestatesystem/vendor/laravel/framework/src/Illuminate/Foundation/Console/Kernel.php(447): Illuminate\\Foundation\\Application->bootstrapWith()
#36 /home/abdo_arh36/larvestatesystem/vendor/laravel/framework/src/Illuminate/Foundation/Console/Kernel.php(199): Illuminate\\Foundation\\Console\\Kernel->bootstrap()
#37 /home/abdo_arh36/larvestatesystem/artisan(35): Illuminate\\Foundation\\Console\\Kernel->handle()
#38 {main}
"} 
[2024-10-06 10:41:45] local.ERROR: SQLSTATE[HY000] [2002] Connection refused (Connection: mysql, SQL: select `value`, `key` from `settings`) {"exception":"[object] (Illuminate\\Database\\QueryException(code: 2002): SQLSTATE[HY000] [2002] Connection refused (Connection: mysql, SQL: select `value`, `key` from `settings`) at /home/abdo_arh36/larvestatesystem/vendor/laravel/framework/src/Illuminate/Database/Connection.php:829)
[stacktrace]
#0 /home/abdo_arh36/larvestatesystem/vendor/laravel/framework/src/Illuminate/Database/Connection.php(983): Illuminate\\Database\\Connection->runQueryCallback()
#1 /home/abdo_arh36/larvestatesystem/vendor/laravel/framework/src/Illuminate/Database/Connection.php(962): Illuminate\\Database\\Connection->tryAgainIfCausedByLostConnection()
#2 /home/abdo_arh36/larvestatesystem/vendor/laravel/framework/src/Illuminate/Database/Connection.php(785): Illuminate\\Database\\Connection->handleQueryException()
#3 /home/abdo_arh36/larvestatesystem/vendor/laravel/framework/src/Illuminate/Database/Connection.php(414): Illuminate\\Database\\Connection->run()
#4 /home/abdo_arh36/larvestatesystem/vendor/laravel/framework/src/Illuminate/Database/Query/Builder.php(2913): Illuminate\\Database\\Connection->select()
#5 /home/abdo_arh36/larvestatesystem/vendor/laravel/framework/src/Illuminate/Database/Query/Builder.php(3142): Illuminate\\Database\\Query\\Builder->runSelect()
#6 /home/abdo_arh36/larvestatesystem/vendor/laravel/framework/src/Illuminate/Database/Query/Builder.php(3456): Illuminate\\Database\\Query\\Builder->Illuminate\\Database\\Query\\{closure}()
#7 /home/abdo_arh36/larvestatesystem/vendor/laravel/framework/src/Illuminate/Database/Query/Builder.php(3138): Illuminate\\Database\\Query\\Builder->onceWithColumns()
#8 /home/abdo_arh36/larvestatesystem/vendor/laravel/framework/src/Illuminate/Database/Eloquent/Builder.php(889): Illuminate\\Database\\Query\\Builder->pluck()
#9 /home/abdo_arh36/larvestatesystem/vendor/laravel/framework/src/Illuminate/Support/Traits/ForwardsCalls.php(23): Illuminate\\Database\\Eloquent\\Builder->pluck()
#10 /home/abdo_arh36/larvestatesystem/vendor/laravel/framework/src/Illuminate/Database/Eloquent/Model.php(2335): Illuminate\\Database\\Eloquent\\Model->forwardCallTo()
#11 /home/abdo_arh36/larvestatesystem/vendor/laravel/framework/src/Illuminate/Database/Eloquent/Model.php(2347): Illuminate\\Database\\Eloquent\\Model->__call()
#12 /home/abdo_arh36/larvestatesystem/app/Providers/AppServiceProvider.php(24): Illuminate\\Database\\Eloquent\\Model::__callStatic()
#13 /home/abdo_arh36/larvestatesystem/vendor/laravel/framework/src/Illuminate/Container/BoundMethod.php(36): App\\Providers\\AppServiceProvider->boot()
#14 /home/abdo_arh36/larvestatesystem/vendor/laravel/framework/src/Illuminate/Container/Util.php(41): Illuminate\\Container\\BoundMethod::Illuminate\\Container\\{closure}()
#15 /home/abdo_arh36/larvestatesystem/vendor/laravel/framework/src/Illuminate/Container/BoundMethod.php(93): Illuminate\\Container\\Util::unwrapIfClosure()
#16 /home/abdo_arh36/larvestatesystem/vendor/laravel/framework/src/Illuminate/Container/BoundMethod.php(35): Illuminate\\Container\\BoundMethod::callBoundMethod()
#17 /home/abdo_arh36/larvestatesystem/vendor/laravel/framework/src/Illuminate/Container/Container.php(662): Illuminate\\Container\\BoundMethod::call()
#18 /home/abdo_arh36/larvestatesystem/vendor/laravel/framework/src/Illuminate/Foundation/Application.php(1034): Illuminate\\Container\\Container->call()
#19 /home/abdo_arh36/larvestatesystem/vendor/laravel/framework/src/Illuminate/Foundation/Application.php(1015): Illuminate\\Foundation\\Application->bootProvider()
#20 [internal function]: Illuminate\\Foundation\\Application->Illuminate\\Foundation\\{closure}()
#21 /home/abdo_arh36/larvestatesystem/vendor/laravel/framework/src/Illuminate/Foundation/Application.php(1014): array_walk()
#22 /home/abdo_arh36/larvestatesystem/vendor/laravel/framework/src/Illuminate/Foundation/Bootstrap/BootProviders.php(17): Illuminate\\Foundation\\Application->boot()
#23 /home/abdo_arh36/larvestatesystem/vendor/laravel/framework/src/Illuminate/Foundation/Application.php(263): Illuminate\\Foundation\\Bootstrap\\BootProviders->bootstrap()
#24 /home/abdo_arh36/larvestatesystem/vendor/laravel/framework/src/Illuminate/Foundation/Console/Kernel.php(447): Illuminate\\Foundation\\Application->bootstrapWith()
#25 /home/abdo_arh36/larvestatesystem/vendor/laravel/framework/src/Illuminate/Foundation/Console/Kernel.php(199): Illuminate\\Foundation\\Console\\Kernel->bootstrap()
#26 /home/abdo_arh36/larvestatesystem/artisan(35): Illuminate\\Foundation\\Console\\Kernel->handle()
#27 {main}

[previous exception] [object] (PDOException(code: 2002): SQLSTATE[HY000] [2002] Connection refused at /home/abdo_arh36/larvestatesystem/vendor/laravel/framework/src/Illuminate/Database/Connectors/Connector.php:65)
[stacktrace]
#0 /home/abdo_arh36/larvestatesystem/vendor/laravel/framework/src/Illuminate/Database/Connectors/Connector.php(65): PDO->__construct()
#1 /home/abdo_arh36/larvestatesystem/vendor/laravel/framework/src/Illuminate/Database/Connectors/Connector.php(83): Illuminate\\Database\\Connectors\\Connector->createPdoConnection()
#2 /home/abdo_arh36/larvestatesystem/vendor/laravel/framework/src/Illuminate/Database/Connectors/Connector.php(48): Illuminate\\Database\\Connectors\\Connector->tryAgainIfCausedByLostConnection()
#3 /home/abdo_arh36/larvestatesystem/vendor/laravel/framework/src/Illuminate/Database/Connectors/MySqlConnector.php(24): Illuminate\\Database\\Connectors\\Connector->createConnection()
#4 /home/abdo_arh36/larvestatesystem/vendor/laravel/framework/src/Illuminate/Database/Connectors/ConnectionFactory.php(184): Illuminate\\Database\\Connectors\\MySqlConnector->connect()
#5 [internal function]: Illuminate\\Database\\Connectors\\ConnectionFactory->Illuminate\\Database\\Connectors\\{closure}()
#6 /home/abdo_arh36/larvestatesystem/vendor/laravel/framework/src/Illuminate/Database/Connection.php(1339): call_user_func()
#7 /home/abdo_arh36/larvestatesystem/vendor/laravel/framework/src/Illuminate/Database/Connection.php(1375): Illuminate\\Database\\Connection->getPdo()
#8 /home/abdo_arh36/larvestatesystem/vendor/laravel/framework/src/Illuminate/Database/Connection.php(528): Illuminate\\Database\\Connection->getReadPdo()
#9 /home/abdo_arh36/larvestatesystem/vendor/laravel/framework/src/Illuminate/Database/Connection.php(423): Illuminate\\Database\\Connection->getPdoForSelect()
#10 /home/abdo_arh36/larvestatesystem/vendor/laravel/framework/src/Illuminate/Database/Connection.php(816): Illuminate\\Database\\Connection->Illuminate\\Database\\{closure}()
#11 /home/abdo_arh36/larvestatesystem/vendor/laravel/framework/src/Illuminate/Database/Connection.php(983): Illuminate\\Database\\Connection->runQueryCallback()
#12 /home/abdo_arh36/larvestatesystem/vendor/laravel/framework/src/Illuminate/Database/Connection.php(962): Illuminate\\Database\\Connection->tryAgainIfCausedByLostConnection()
#13 /home/abdo_arh36/larvestatesystem/vendor/laravel/framework/src/Illuminate/Database/Connection.php(785): Illuminate\\Database\\Connection->handleQueryException()
#14 /home/abdo_arh36/larvestatesystem/vendor/laravel/framework/src/Illuminate/Database/Connection.php(414): Illuminate\\Database\\Connection->run()
#15 /home/abdo_arh36/larvestatesystem/vendor/laravel/framework/src/Illuminate/Database/Query/Builder.php(2913): Illuminate\\Database\\Connection->select()
#16 /home/abdo_arh36/larvestatesystem/vendor/laravel/framework/src/Illuminate/Database/Query/Builder.php(3142): Illuminate\\Database\\Query\\Builder->runSelect()
#17 /home/abdo_arh36/larvestatesystem/vendor/laravel/framework/src/Illuminate/Database/Query/Builder.php(3456): Illuminate\\Database\\Query\\Builder->Illuminate\\Database\\Query\\{closure}()
#18 /home/abdo_arh36/larvestatesystem/vendor/laravel/framework/src/Illuminate/Database/Query/Builder.php(3138): Illuminate\\Database\\Query\\Builder->onceWithColumns()
#19 /home/abdo_arh36/larvestatesystem/vendor/laravel/framework/src/Illuminate/Database/Eloquent/Builder.php(889): Illuminate\\Database\\Query\\Builder->pluck()
#20 /home/abdo_arh36/larvestatesystem/vendor/laravel/framework/src/Illuminate/Support/Traits/ForwardsCalls.php(23): Illuminate\\Database\\Eloquent\\Builder->pluck()
#21 /home/abdo_arh36/larvestatesystem/vendor/laravel/framework/src/Illuminate/Database/Eloquent/Model.php(2335): Illuminate\\Database\\Eloquent\\Model->forwardCallTo()
#22 /home/abdo_arh36/larvestatesystem/vendor/laravel/framework/src/Illuminate/Database/Eloquent/Model.php(2347): Illuminate\\Database\\Eloquent\\Model->__call()
#23 /home/abdo_arh36/larvestatesystem/app/Providers/AppServiceProvider.php(24): Illuminate\\Database\\Eloquent\\Model::__callStatic()
#24 /home/abdo_arh36/larvestatesystem/vendor/laravel/framework/src/Illuminate/Container/BoundMethod.php(36): App\\Providers\\AppServiceProvider->boot()
#25 /home/abdo_arh36/larvestatesystem/vendor/laravel/framework/src/Illuminate/Container/Util.php(41): Illuminate\\Container\\BoundMethod::Illuminate\\Container\\{closure}()
#26 /home/abdo_arh36/larvestatesystem/vendor/laravel/framework/src/Illuminate/Container/BoundMethod.php(93): Illuminate\\Container\\Util::unwrapIfClosure()
#27 /home/abdo_arh36/larvestatesystem/vendor/laravel/framework/src/Illuminate/Container/BoundMethod.php(35): Illuminate\\Container\\BoundMethod::callBoundMethod()
#28 /home/abdo_arh36/larvestatesystem/vendor/laravel/framework/src/Illuminate/Container/Container.php(662): Illuminate\\Container\\BoundMethod::call()
#29 /home/abdo_arh36/larvestatesystem/vendor/laravel/framework/src/Illuminate/Foundation/Application.php(1034): Illuminate\\Container\\Container->call()
#30 /home/abdo_arh36/larvestatesystem/vendor/laravel/framework/src/Illuminate/Foundation/Application.php(1015): Illuminate\\Foundation\\Application->bootProvider()
#31 [internal function]: Illuminate\\Foundation\\Application->Illuminate\\Foundation\\{closure}()
#32 /home/abdo_arh36/larvestatesystem/vendor/laravel/framework/src/Illuminate/Foundation/Application.php(1014): array_walk()
#33 /home/abdo_arh36/larvestatesystem/vendor/laravel/framework/src/Illuminate/Foundation/Bootstrap/BootProviders.php(17): Illuminate\\Foundation\\Application->boot()
#34 /home/abdo_arh36/larvestatesystem/vendor/laravel/framework/src/Illuminate/Foundation/Application.php(263): Illuminate\\Foundation\\Bootstrap\\BootProviders->bootstrap()
#35 /home/abdo_arh36/larvestatesystem/vendor/laravel/framework/src/Illuminate/Foundation/Console/Kernel.php(447): Illuminate\\Foundation\\Application->bootstrapWith()
#36 /home/abdo_arh36/larvestatesystem/vendor/laravel/framework/src/Illuminate/Foundation/Console/Kernel.php(199): Illuminate\\Foundation\\Console\\Kernel->bootstrap()
#37 /home/abdo_arh36/larvestatesystem/artisan(35): Illuminate\\Foundation\\Console\\Kernel->handle()
#38 {main}
"} 
[2024-10-06 10:43:08] local.ERROR: SQLSTATE[42S02]: Base table or view not found: 1146 Table 'abdo_nestestate.settings' doesn't exist (Connection: mysql, SQL: select `value`, `key` from `settings`) {"exception":"[object] (Illuminate\\Database\\QueryException(code: 42S02): SQLSTATE[42S02]: Base table or view not found: 1146 Table 'abdo_nestestate.settings' doesn't exist (Connection: mysql, SQL: select `value`, `key` from `settings`) at /home/abdo_arh36/larvestatesystem/vendor/laravel/framework/src/Illuminate/Database/Connection.php:829)
[stacktrace]
#0 /home/abdo_arh36/larvestatesystem/vendor/laravel/framework/src/Illuminate/Database/Connection.php(783): Illuminate\\Database\\Connection->runQueryCallback()
#1 /home/abdo_arh36/larvestatesystem/vendor/laravel/framework/src/Illuminate/Database/Connection.php(414): Illuminate\\Database\\Connection->run()
#2 /home/abdo_arh36/larvestatesystem/vendor/laravel/framework/src/Illuminate/Database/Query/Builder.php(2913): Illuminate\\Database\\Connection->select()
#3 /home/abdo_arh36/larvestatesystem/vendor/laravel/framework/src/Illuminate/Database/Query/Builder.php(3142): Illuminate\\Database\\Query\\Builder->runSelect()
#4 /home/abdo_arh36/larvestatesystem/vendor/laravel/framework/src/Illuminate/Database/Query/Builder.php(3456): Illuminate\\Database\\Query\\Builder->Illuminate\\Database\\Query\\{closure}()
#5 /home/abdo_arh36/larvestatesystem/vendor/laravel/framework/src/Illuminate/Database/Query/Builder.php(3138): Illuminate\\Database\\Query\\Builder->onceWithColumns()
#6 /home/abdo_arh36/larvestatesystem/vendor/laravel/framework/src/Illuminate/Database/Eloquent/Builder.php(889): Illuminate\\Database\\Query\\Builder->pluck()
#7 /home/abdo_arh36/larvestatesystem/vendor/laravel/framework/src/Illuminate/Support/Traits/ForwardsCalls.php(23): Illuminate\\Database\\Eloquent\\Builder->pluck()
#8 /home/abdo_arh36/larvestatesystem/vendor/laravel/framework/src/Illuminate/Database/Eloquent/Model.php(2335): Illuminate\\Database\\Eloquent\\Model->forwardCallTo()
#9 /home/abdo_arh36/larvestatesystem/vendor/laravel/framework/src/Illuminate/Database/Eloquent/Model.php(2347): Illuminate\\Database\\Eloquent\\Model->__call()
#10 /home/abdo_arh36/larvestatesystem/app/Providers/AppServiceProvider.php(24): Illuminate\\Database\\Eloquent\\Model::__callStatic()
#11 /home/abdo_arh36/larvestatesystem/vendor/laravel/framework/src/Illuminate/Container/BoundMethod.php(36): App\\Providers\\AppServiceProvider->boot()
#12 /home/abdo_arh36/larvestatesystem/vendor/laravel/framework/src/Illuminate/Container/Util.php(41): Illuminate\\Container\\BoundMethod::Illuminate\\Container\\{closure}()
#13 /home/abdo_arh36/larvestatesystem/vendor/laravel/framework/src/Illuminate/Container/BoundMethod.php(93): Illuminate\\Container\\Util::unwrapIfClosure()
#14 /home/abdo_arh36/larvestatesystem/vendor/laravel/framework/src/Illuminate/Container/BoundMethod.php(35): Illuminate\\Container\\BoundMethod::callBoundMethod()
#15 /home/abdo_arh36/larvestatesystem/vendor/laravel/framework/src/Illuminate/Container/Container.php(662): Illuminate\\Container\\BoundMethod::call()
#16 /home/abdo_arh36/larvestatesystem/vendor/laravel/framework/src/Illuminate/Foundation/Application.php(1034): Illuminate\\Container\\Container->call()
#17 /home/abdo_arh36/larvestatesystem/vendor/laravel/framework/src/Illuminate/Foundation/Application.php(1015): Illuminate\\Foundation\\Application->bootProvider()
#18 [internal function]: Illuminate\\Foundation\\Application->Illuminate\\Foundation\\{closure}()
#19 /home/abdo_arh36/larvestatesystem/vendor/laravel/framework/src/Illuminate/Foundation/Application.php(1014): array_walk()
#20 /home/abdo_arh36/larvestatesystem/vendor/laravel/framework/src/Illuminate/Foundation/Bootstrap/BootProviders.php(17): Illuminate\\Foundation\\Application->boot()
#21 /home/abdo_arh36/larvestatesystem/vendor/laravel/framework/src/Illuminate/Foundation/Application.php(263): Illuminate\\Foundation\\Bootstrap\\BootProviders->bootstrap()
#22 /home/abdo_arh36/larvestatesystem/vendor/laravel/framework/src/Illuminate/Foundation/Console/Kernel.php(447): Illuminate\\Foundation\\Application->bootstrapWith()
#23 /home/abdo_arh36/larvestatesystem/vendor/laravel/framework/src/Illuminate/Foundation/Console/Kernel.php(199): Illuminate\\Foundation\\Console\\Kernel->bootstrap()
#24 /home/abdo_arh36/larvestatesystem/artisan(35): Illuminate\\Foundation\\Console\\Kernel->handle()
#25 {main}

[previous exception] [object] (PDOException(code: 42S02): SQLSTATE[42S02]: Base table or view not found: 1146 Table 'abdo_nestestate.settings' doesn't exist at /home/abdo_arh36/larvestatesystem/vendor/laravel/framework/src/Illuminate/Database/Connection.php:423)
[stacktrace]
#0 /home/abdo_arh36/larvestatesystem/vendor/laravel/framework/src/Illuminate/Database/Connection.php(423): PDO->prepare()
#1 /home/abdo_arh36/larvestatesystem/vendor/laravel/framework/src/Illuminate/Database/Connection.php(816): Illuminate\\Database\\Connection->Illuminate\\Database\\{closure}()
#2 /home/abdo_arh36/larvestatesystem/vendor/laravel/framework/src/Illuminate/Database/Connection.php(783): Illuminate\\Database\\Connection->runQueryCallback()
#3 /home/abdo_arh36/larvestatesystem/vendor/laravel/framework/src/Illuminate/Database/Connection.php(414): Illuminate\\Database\\Connection->run()
#4 /home/abdo_arh36/larvestatesystem/vendor/laravel/framework/src/Illuminate/Database/Query/Builder.php(2913): Illuminate\\Database\\Connection->select()
#5 /home/abdo_arh36/larvestatesystem/vendor/laravel/framework/src/Illuminate/Database/Query/Builder.php(3142): Illuminate\\Database\\Query\\Builder->runSelect()
#6 /home/abdo_arh36/larvestatesystem/vendor/laravel/framework/src/Illuminate/Database/Query/Builder.php(3456): Illuminate\\Database\\Query\\Builder->Illuminate\\Database\\Query\\{closure}()
#7 /home/abdo_arh36/larvestatesystem/vendor/laravel/framework/src/Illuminate/Database/Query/Builder.php(3138): Illuminate\\Database\\Query\\Builder->onceWithColumns()
#8 /home/abdo_arh36/larvestatesystem/vendor/laravel/framework/src/Illuminate/Database/Eloquent/Builder.php(889): Illuminate\\Database\\Query\\Builder->pluck()
#9 /home/abdo_arh36/larvestatesystem/vendor/laravel/framework/src/Illuminate/Support/Traits/ForwardsCalls.php(23): Illuminate\\Database\\Eloquent\\Builder->pluck()
#10 /home/abdo_arh36/larvestatesystem/vendor/laravel/framework/src/Illuminate/Database/Eloquent/Model.php(2335): Illuminate\\Database\\Eloquent\\Model->forwardCallTo()
#11 /home/abdo_arh36/larvestatesystem/vendor/laravel/framework/src/Illuminate/Database/Eloquent/Model.php(2347): Illuminate\\Database\\Eloquent\\Model->__call()
#12 /home/abdo_arh36/larvestatesystem/app/Providers/AppServiceProvider.php(24): Illuminate\\Database\\Eloquent\\Model::__callStatic()
#13 /home/abdo_arh36/larvestatesystem/vendor/laravel/framework/src/Illuminate/Container/BoundMethod.php(36): App\\Providers\\AppServiceProvider->boot()
#14 /home/abdo_arh36/larvestatesystem/vendor/laravel/framework/src/Illuminate/Container/Util.php(41): Illuminate\\Container\\BoundMethod::Illuminate\\Container\\{closure}()
#15 /home/abdo_arh36/larvestatesystem/vendor/laravel/framework/src/Illuminate/Container/BoundMethod.php(93): Illuminate\\Container\\Util::unwrapIfClosure()
#16 /home/abdo_arh36/larvestatesystem/vendor/laravel/framework/src/Illuminate/Container/BoundMethod.php(35): Illuminate\\Container\\BoundMethod::callBoundMethod()
#17 /home/abdo_arh36/larvestatesystem/vendor/laravel/framework/src/Illuminate/Container/Container.php(662): Illuminate\\Container\\BoundMethod::call()
#18 /home/abdo_arh36/larvestatesystem/vendor/laravel/framework/src/Illuminate/Foundation/Application.php(1034): Illuminate\\Container\\Container->call()
#19 /home/abdo_arh36/larvestatesystem/vendor/laravel/framework/src/Illuminate/Foundation/Application.php(1015): Illuminate\\Foundation\\Application->bootProvider()
#20 [internal function]: Illuminate\\Foundation\\Application->Illuminate\\Foundation\\{closure}()
#21 /home/abdo_arh36/larvestatesystem/vendor/laravel/framework/src/Illuminate/Foundation/Application.php(1014): array_walk()
#22 /home/abdo_arh36/larvestatesystem/vendor/laravel/framework/src/Illuminate/Foundation/Bootstrap/BootProviders.php(17): Illuminate\\Foundation\\Application->boot()
#23 /home/abdo_arh36/larvestatesystem/vendor/laravel/framework/src/Illuminate/Foundation/Application.php(263): Illuminate\\Foundation\\Bootstrap\\BootProviders->bootstrap()
#24 /home/abdo_arh36/larvestatesystem/vendor/laravel/framework/src/Illuminate/Foundation/Console/Kernel.php(447): Illuminate\\Foundation\\Application->bootstrapWith()
#25 /home/abdo_arh36/larvestatesystem/vendor/laravel/framework/src/Illuminate/Foundation/Console/Kernel.php(199): Illuminate\\Foundation\\Console\\Kernel->bootstrap()
#26 /home/abdo_arh36/larvestatesystem/artisan(35): Illuminate\\Foundation\\Console\\Kernel->handle()
#27 {main}
"} 
[2024-10-06 10:44:21] local.ERROR: SQLSTATE[42S02]: Base table or view not found: 1146 Table 'abdo_nestestate.settings' doesn't exist (Connection: mysql, SQL: select `value`, `key` from `settings`) {"exception":"[object] (Illuminate\\Database\\QueryException(code: 42S02): SQLSTATE[42S02]: Base table or view not found: 1146 Table 'abdo_nestestate.settings' doesn't exist (Connection: mysql, SQL: select `value`, `key` from `settings`) at /home/abdo_arh36/larvestatesystem/vendor/laravel/framework/src/Illuminate/Database/Connection.php:829)
[stacktrace]
#0 /home/abdo_arh36/larvestatesystem/vendor/laravel/framework/src/Illuminate/Database/Connection.php(783): Illuminate\\Database\\Connection->runQueryCallback()
#1 /home/abdo_arh36/larvestatesystem/vendor/laravel/framework/src/Illuminate/Database/Connection.php(414): Illuminate\\Database\\Connection->run()
#2 /home/abdo_arh36/larvestatesystem/vendor/laravel/framework/src/Illuminate/Database/Query/Builder.php(2913): Illuminate\\Database\\Connection->select()
#3 /home/abdo_arh36/larvestatesystem/vendor/laravel/framework/src/Illuminate/Database/Query/Builder.php(3142): Illuminate\\Database\\Query\\Builder->runSelect()
#4 /home/abdo_arh36/larvestatesystem/vendor/laravel/framework/src/Illuminate/Database/Query/Builder.php(3456): Illuminate\\Database\\Query\\Builder->Illuminate\\Database\\Query\\{closure}()
#5 /home/abdo_arh36/larvestatesystem/vendor/laravel/framework/src/Illuminate/Database/Query/Builder.php(3138): Illuminate\\Database\\Query\\Builder->onceWithColumns()
#6 /home/abdo_arh36/larvestatesystem/vendor/laravel/framework/src/Illuminate/Database/Eloquent/Builder.php(889): Illuminate\\Database\\Query\\Builder->pluck()
#7 /home/abdo_arh36/larvestatesystem/vendor/laravel/framework/src/Illuminate/Support/Traits/ForwardsCalls.php(23): Illuminate\\Database\\Eloquent\\Builder->pluck()
#8 /home/abdo_arh36/larvestatesystem/vendor/laravel/framework/src/Illuminate/Database/Eloquent/Model.php(2335): Illuminate\\Database\\Eloquent\\Model->forwardCallTo()
#9 /home/abdo_arh36/larvestatesystem/vendor/laravel/framework/src/Illuminate/Database/Eloquent/Model.php(2347): Illuminate\\Database\\Eloquent\\Model->__call()
#10 /home/abdo_arh36/larvestatesystem/app/Providers/AppServiceProvider.php(24): Illuminate\\Database\\Eloquent\\Model::__callStatic()
#11 /home/abdo_arh36/larvestatesystem/vendor/laravel/framework/src/Illuminate/Container/BoundMethod.php(36): App\\Providers\\AppServiceProvider->boot()
#12 /home/abdo_arh36/larvestatesystem/vendor/laravel/framework/src/Illuminate/Container/Util.php(41): Illuminate\\Container\\BoundMethod::Illuminate\\Container\\{closure}()
#13 /home/abdo_arh36/larvestatesystem/vendor/laravel/framework/src/Illuminate/Container/BoundMethod.php(93): Illuminate\\Container\\Util::unwrapIfClosure()
#14 /home/abdo_arh36/larvestatesystem/vendor/laravel/framework/src/Illuminate/Container/BoundMethod.php(35): Illuminate\\Container\\BoundMethod::callBoundMethod()
#15 /home/abdo_arh36/larvestatesystem/vendor/laravel/framework/src/Illuminate/Container/Container.php(662): Illuminate\\Container\\BoundMethod::call()
#16 /home/abdo_arh36/larvestatesystem/vendor/laravel/framework/src/Illuminate/Foundation/Application.php(1034): Illuminate\\Container\\Container->call()
#17 /home/abdo_arh36/larvestatesystem/vendor/laravel/framework/src/Illuminate/Foundation/Application.php(1015): Illuminate\\Foundation\\Application->bootProvider()
#18 [internal function]: Illuminate\\Foundation\\Application->Illuminate\\Foundation\\{closure}()
#19 /home/abdo_arh36/larvestatesystem/vendor/laravel/framework/src/Illuminate/Foundation/Application.php(1014): array_walk()
#20 /home/abdo_arh36/larvestatesystem/vendor/laravel/framework/src/Illuminate/Foundation/Bootstrap/BootProviders.php(17): Illuminate\\Foundation\\Application->boot()
#21 /home/abdo_arh36/larvestatesystem/vendor/laravel/framework/src/Illuminate/Foundation/Application.php(263): Illuminate\\Foundation\\Bootstrap\\BootProviders->bootstrap()
#22 /home/abdo_arh36/larvestatesystem/vendor/laravel/framework/src/Illuminate/Foundation/Console/Kernel.php(447): Illuminate\\Foundation\\Application->bootstrapWith()
#23 /home/abdo_arh36/larvestatesystem/vendor/laravel/framework/src/Illuminate/Foundation/Console/Kernel.php(199): Illuminate\\Foundation\\Console\\Kernel->bootstrap()
#24 /home/abdo_arh36/larvestatesystem/artisan(35): Illuminate\\Foundation\\Console\\Kernel->handle()
#25 {main}

[previous exception] [object] (PDOException(code: 42S02): SQLSTATE[42S02]: Base table or view not found: 1146 Table 'abdo_nestestate.settings' doesn't exist at /home/abdo_arh36/larvestatesystem/vendor/laravel/framework/src/Illuminate/Database/Connection.php:423)
[stacktrace]
#0 /home/abdo_arh36/larvestatesystem/vendor/laravel/framework/src/Illuminate/Database/Connection.php(423): PDO->prepare()
#1 /home/abdo_arh36/larvestatesystem/vendor/laravel/framework/src/Illuminate/Database/Connection.php(816): Illuminate\\Database\\Connection->Illuminate\\Database\\{closure}()
#2 /home/abdo_arh36/larvestatesystem/vendor/laravel/framework/src/Illuminate/Database/Connection.php(783): Illuminate\\Database\\Connection->runQueryCallback()
#3 /home/abdo_arh36/larvestatesystem/vendor/laravel/framework/src/Illuminate/Database/Connection.php(414): Illuminate\\Database\\Connection->run()
#4 /home/abdo_arh36/larvestatesystem/vendor/laravel/framework/src/Illuminate/Database/Query/Builder.php(2913): Illuminate\\Database\\Connection->select()
#5 /home/abdo_arh36/larvestatesystem/vendor/laravel/framework/src/Illuminate/Database/Query/Builder.php(3142): Illuminate\\Database\\Query\\Builder->runSelect()
#6 /home/abdo_arh36/larvestatesystem/vendor/laravel/framework/src/Illuminate/Database/Query/Builder.php(3456): Illuminate\\Database\\Query\\Builder->Illuminate\\Database\\Query\\{closure}()
#7 /home/abdo_arh36/larvestatesystem/vendor/laravel/framework/src/Illuminate/Database/Query/Builder.php(3138): Illuminate\\Database\\Query\\Builder->onceWithColumns()
#8 /home/abdo_arh36/larvestatesystem/vendor/laravel/framework/src/Illuminate/Database/Eloquent/Builder.php(889): Illuminate\\Database\\Query\\Builder->pluck()
#9 /home/abdo_arh36/larvestatesystem/vendor/laravel/framework/src/Illuminate/Support/Traits/ForwardsCalls.php(23): Illuminate\\Database\\Eloquent\\Builder->pluck()
#10 /home/abdo_arh36/larvestatesystem/vendor/laravel/framework/src/Illuminate/Database/Eloquent/Model.php(2335): Illuminate\\Database\\Eloquent\\Model->forwardCallTo()
#11 /home/abdo_arh36/larvestatesystem/vendor/laravel/framework/src/Illuminate/Database/Eloquent/Model.php(2347): Illuminate\\Database\\Eloquent\\Model->__call()
#12 /home/abdo_arh36/larvestatesystem/app/Providers/AppServiceProvider.php(24): Illuminate\\Database\\Eloquent\\Model::__callStatic()
#13 /home/abdo_arh36/larvestatesystem/vendor/laravel/framework/src/Illuminate/Container/BoundMethod.php(36): App\\Providers\\AppServiceProvider->boot()
#14 /home/abdo_arh36/larvestatesystem/vendor/laravel/framework/src/Illuminate/Container/Util.php(41): Illuminate\\Container\\BoundMethod::Illuminate\\Container\\{closure}()
#15 /home/abdo_arh36/larvestatesystem/vendor/laravel/framework/src/Illuminate/Container/BoundMethod.php(93): Illuminate\\Container\\Util::unwrapIfClosure()
#16 /home/abdo_arh36/larvestatesystem/vendor/laravel/framework/src/Illuminate/Container/BoundMethod.php(35): Illuminate\\Container\\BoundMethod::callBoundMethod()
#17 /home/abdo_arh36/larvestatesystem/vendor/laravel/framework/src/Illuminate/Container/Container.php(662): Illuminate\\Container\\BoundMethod::call()
#18 /home/abdo_arh36/larvestatesystem/vendor/laravel/framework/src/Illuminate/Foundation/Application.php(1034): Illuminate\\Container\\Container->call()
#19 /home/abdo_arh36/larvestatesystem/vendor/laravel/framework/src/Illuminate/Foundation/Application.php(1015): Illuminate\\Foundation\\Application->bootProvider()
#20 [internal function]: Illuminate\\Foundation\\Application->Illuminate\\Foundation\\{closure}()
#21 /home/abdo_arh36/larvestatesystem/vendor/laravel/framework/src/Illuminate/Foundation/Application.php(1014): array_walk()
#22 /home/abdo_arh36/larvestatesystem/vendor/laravel/framework/src/Illuminate/Foundation/Bootstrap/BootProviders.php(17): Illuminate\\Foundation\\Application->boot()
#23 /home/abdo_arh36/larvestatesystem/vendor/laravel/framework/src/Illuminate/Foundation/Application.php(263): Illuminate\\Foundation\\Bootstrap\\BootProviders->bootstrap()
#24 /home/abdo_arh36/larvestatesystem/vendor/laravel/framework/src/Illuminate/Foundation/Console/Kernel.php(447): Illuminate\\Foundation\\Application->bootstrapWith()
#25 /home/abdo_arh36/larvestatesystem/vendor/laravel/framework/src/Illuminate/Foundation/Console/Kernel.php(199): Illuminate\\Foundation\\Console\\Kernel->bootstrap()
#26 /home/abdo_arh36/larvestatesystem/artisan(35): Illuminate\\Foundation\\Console\\Kernel->handle()
#27 {main}
"} 
